[0616/195853.493:ERROR:process_reader_win.cc(123)] NtOpenThread: {Access Denied} A process has requested access to an object, but has not been granted those access rights. (0xc0000022)
[0616/195853.500:ERROR:exception_snapshot_win.cc(98)] thread ID 18920 not found in process
[0616/195853.522:ERROR:process_reader_win.cc(151)] SuspendThread: Access is denied. (0x5)
[0616/195853.522:ERROR:process_reader_win.cc(151)] SuspendThread: Access is denied. (0x5)
[0616/195853.522:ERROR:process_reader_win.cc(123)] NtOpenThread: {Access Denied} A process has requested access to an object, but has not been granted those access rights. (0xc0000022)
[0616/195853.522:ERROR:exception_snapshot_win.cc(98)] thread ID 11800 not found in process
[0616/195853.534:ERROR:process_reader_win.cc(123)] NtOpenThread: {Access Denied} A process has requested access to an object, but has not been granted those access rights. (0xc0000022)
[0616/195853.534:ERROR:exception_snapshot_win.cc(98)] thread ID 2492 not found in process
[0616/195853.555:ERROR:process_reader_win.cc(151)] SuspendThread: Access is denied. (0x5)
[0616/195853.555:ERROR:process_reader_win.cc(123)] NtOpenThread: {Access Denied} A process has requested access to an object, but has not been granted those access rights. (0xc0000022)
[0616/195853.555:ERROR:exception_snapshot_win.cc(98)] thread ID 12888 not found in process
[0616/195853.557:ERROR:process_reader_win.cc(151)] SuspendThread: Access is denied. (0x5)
[0616/195853.557:ERROR:process_reader_win.cc(151)] SuspendThread: Access is denied. (0x5)
[0616/195853.557:ERROR:process_reader_win.cc(123)] NtOpenThread: {Access Denied} A process has requested access to an object, but has not been granted those access rights. (0xc0000022)
[0616/195853.557:ERROR:exception_snapshot_win.cc(98)] thread ID 5304 not found in process
[0616/195853.576:ERROR:process_reader_win.cc(151)] SuspendThread: Access is denied. (0x5)
[0616/195853.576:ERROR:process_reader_win.cc(151)] SuspendThread: Access is denied. (0x5)
[0616/195853.576:ERROR:process_reader_win.cc(123)] NtOpenThread: {Access Denied} A process has requested access to an object, but has not been granted those access rights. (0xc0000022)
[0616/195853.576:ERROR:exception_snapshot_win.cc(98)] thread ID 12104 not found in process
[0709/104638.208:ERROR:process_reader_win.cc(188)] ResumeThread: The parameter is incorrect. (0x57)
[0709/104638.216:ERROR:process_reader_win.cc(151)] SuspendThread: Access is denied. (0x5)
[0709/104638.216:ERROR:process_reader_win.cc(151)] SuspendThread: Access is denied. (0x5)
[0709/104638.216:ERROR:process_reader_win.cc(151)] SuspendThread: Access is denied. (0x5)
[0709/104638.216:ERROR:process_reader_win.cc(151)] SuspendThread: Access is denied. (0x5)
[0709/104638.216:ERROR:process_reader_win.cc(151)] SuspendThread: Access is denied. (0x5)
[0709/104638.216:ERROR:process_reader_win.cc(151)] SuspendThread: Access is denied. (0x5)
[0709/104638.216:ERROR:process_reader_win.cc(151)] SuspendThread: Access is denied. (0x5)
[0709/104638.216:ERROR:process_reader_win.cc(151)] SuspendThread: Access is denied. (0x5)
[0709/104638.216:ERROR:process_reader_win.cc(151)] SuspendThread: Access is denied. (0x5)
[0709/104638.216:ERROR:process_reader_win.cc(151)] SuspendThread: Access is denied. (0x5)
[0709/104638.592:ERROR:scoped_process_suspend.cc(40)] NtResumeProcess: An attempt was made to access an exiting process. (0xc000010a)
